Arguments: 
  C:\Program Files\nodejs\node.exe C:\Program Files (x86)\Yarn\bin\yarn.js add lite-serer

PATH: 
  C:\Program Files (x86)\Common Files\Oracle\Java\javapath;C:\ProgramData\Oracle\Java\javapath;%SystemRoot%\system32;%SystemRoot%;%SystemRoot%\System32\Wbem;%SYSTEMROOT%\System32\WindowsPowerShell\v1.0\;C:\Program Files\Git\cmd;C:\ProgramData\chocolatey\bin;C:\Program Files\nodejs\;C:\Program Files (x86)\Yarn\bin\;C:\Program Files\Geth;C:\Program Files (x86)\GitExtensions\;C:\Program Files\Cloud Foundry;C:\Android;C:\Windows\System32;C:\Users\i338248\AppData\Local\Microsoft\WindowsApps;C:\Users\i338248\AppData\Local\GitHubDesktop\bin;C:\apache-maven-3.5.0\bin;C:\Program Files\Java\jdk1.8.0_144\bin;C:\Program Files\Java\jdk1.8.0_144;C:\Users\i338248\AppData\Local\atom\bin;C:\Python27;C:\Python27\Scripts;C:\Users\i338248\AppData\Local\Microsoft\WindowsApps;C:\Users\i338248\AppData\Roaming\npm;C:\Users\i338248\AppData\Local\Programs\Microsoft VS Code\bin;C:\Users\i338248\AppData\Local\Yarn\bin

Yarn version: 
  1.9.4

Node version: 
  10.9.0

Platform: 
  win32 x64

Trace: 
  Error: https://registry.yarnpkg.com/lite-serer: Not found
      at Request.params.callback [as _callback] (C:\Program Files (x86)\Yarn\lib\cli.js:64202:18)
      at Request.self.callback (C:\Program Files (x86)\Yarn\lib\cli.js:137468:22)
      at Request.emit (events.js:182:13)
      at Request.<anonymous> (C:\Program Files (x86)\Yarn\lib\cli.js:138440:10)
      at Request.emit (events.js:182:13)
      at IncomingMessage.<anonymous> (C:\Program Files (x86)\Yarn\lib\cli.js:138362:12)
      at Object.onceWrapper (events.js:273:13)
      at IncomingMessage.emit (events.js:187:15)
      at endReadableNT (_stream_readable.js:1085:12)
      at process._tickCallback (internal/process/next_tick.js:63:19)

npm manifest: 
  {
    "name": "pet-shop",
    "version": "1.0.0",
    "description": "",
    "main": "truffle.js",
    "directories": {
      "test": "test"
    },
    "scripts": {
      "dev": "lite-server",
      "test": "echo \"Error: no test specified\" && exit 1"
    },
    "author": "",
    "license": "ISC",
    "devDependencies": {
      "lite-server": "^2.3.0"
    }
  }

yarn manifest: 
  No manifest

Lockfile: 
  No lockfile
